Arguments: 
  /usr/local/bin/node /usr/local/bin/yarn add react-google-captcha

PATH: 
  /usr/local/bin:/usr/bin:/bin:/usr/sbin:/sbin:/usr/local/share/dotnet:~/.dotnet/tools

Yarn version: 
  1.22.19

Node version: 
  18.12.1

Platform: 
  darwin x64

Trace: 
  Error: https://registry.yarnpkg.com/react-google-captcha: Not found
      at params.callback [as _callback] (/usr/local/lib/node_modules/yarn/lib/cli.js:66145:18)
      at self.callback (/usr/local/lib/node_modules/yarn/lib/cli.js:140890:22)
      at Request.emit (node:events:513:28)
      at Request.<anonymous> (/usr/local/lib/node_modules/yarn/lib/cli.js:141862:10)
      at Request.emit (node:events:513:28)
      at IncomingMessage.<anonymous> (/usr/local/lib/node_modules/yarn/lib/cli.js:141784:12)
      at Object.onceWrapper (node:events:627:28)
      at IncomingMessage.emit (node:events:525:35)
      at endReadableNT (node:internal/streams/readable:1359:12)
      at process.processTicksAndRejections (node:internal/process/task_queues:82:21)

npm manifest: 
  {
    "name": "jtt",
    "homepage": "",
    "version": "0.1.0",
    "private": true,
    "dependencies": {
      "@emailjs/browser": "^3.10.0",
      "@testing-library/jest-dom": "^5.16.5",
      "@testing-library/react": "^13.4.0",
      "@testing-library/user-event": "^14.4.3",
      "bootstrap": "^5.2.3",
      "node-sass": "^8.0.0",
      "react": "^18.2.0",
      "react-alert": "^7.0.3",
      "react-alert-template-basic": "^1.0.2",
      "react-bootstrap": "^2.6.0",
      "react-countup": "^6.4.0",
      "react-dom": "^18.2.0",
      "react-masonry-component": "^6.3.0",
      "react-modal-video": "^1.2.10",
      "react-router-dom": "^6.4.3",
      "react-scripts": "5.0.1",
      "react-scroll": "^1.8.8",
      "react-slick": "^0.29.0",
      "react-stickynode": "^4.1.0",
      "react-swiper": "^0.1.5",
      "react-toastify": "^9.0.3",
      "react-visibility-sensor": "^5.1.1",
      "sass": "^1.56.1",
      "swiper": "^8.4.5",
      "web-vitals": "^3.1.0"
    },
    "scripts": {
      "start": "react-scripts --openssl-legacy-provider start",
      "build": "react-scripts --openssl-legacy-provider build",
      "test": "react-scripts test",
      "eject": "react-scripts eject"
    },
    "eslintConfig": {
      "extends": [
        "react-app",
        "react-app/jest"
      ]
    },
    "browserslist": {
      "production": [
        ">0.2%",
        "not dead",
        "not op_mini all"
      ],
      "development": [
        "last 1 chrome version",
        "last 1 firefox version",
        "last 1 safari version"
      ]
    }
  }

yarn manifest: 
  No manifest

Lockfile: 
  No lockfile
